[  
{
    "network":"vodafone",
    "action": "sendContent",
    "address": "233206846412",
    "shortCode": "1212",
    "message"  : "offer name, short message confirm test working...",
    "offerName": "Gospel Daily"
}
  ];
[  
{
    "network":"VODAFONE",
    "action": "sendContent",
    "address": "233206846412",
    "shortCode": "1212",
    "message"  : "offer name, short message confirm test working...",
    "offerName": "Gospel Daily"
}
  ];
[  
{
    "network":"VODAFONE",
    "action": "sendContent",
    "address": "233206846412",
    "shortCode": "1212",
    "message"  : "offer name, short message confirm test working...",
    "offerName": "Gospel Daily"
}
  ];
[  
{
    "network":"VODAFONE",
    "action": "sendContent",
    "address": "233206846412",
    "shortCode": "1212",
    "message"  : "offer name, short message confirm test working...",
    "offerName": "Gospel Daily"
}
  ];
[  
{
    "network":"VODAFONE",
    "action": "sendContent",
    "address": "233206846412",
    "shortCode": "1212",
    "message"  : "offer name, short message confirm test working...",
    "offerName": "Gospel Daily"
}
  ];
[  
{
    "network":"VODAFONE",
    "action": "sendContent",
    "address": "233206846412",
    "shortCode": "1212",
    "message"  : "offer name, short message confirm test working...",
    "offerName": "Gospel Daily"
}
  ];
[  
{
    "network":"VODAFONE",
    "action": "sendContent",
    "address": "233206846412",
    "shortCode": "1212",
    "message"  : "offer name, short message confirm test working...",
    "offerName": "Gospel Daily"
}
  ];
[  
{
    "network":"VODAFONE",
    "action": "sendContent",
    "address": "233206846412",
    "shortCode": "1212",
    "message"  : "offer name, short message confirm test working...",
    "offerName": "Gospel Daily"
}
  ];
[  
{
    "network":"VODAFONE",
    "action": "sendContent",
    "address": "233206846412",
    "shortCode": "1212",
    "message"  : "offer name, short message confirm test working...",
    "offerName": "Gospel Daily"
}
  ];
[  
{
    "network":"VODAFONE",
    "action": "sendContent",
    "address": "233206846412",
    "shortCode": "1212",
    "message"  : "offer name, short message confirm test working...",
    "offerName": "Gospel Daily"
}
  ];
[  
{
    "network":"VODAFONE",
    "action": "sendContent",
    "address": "233206846412",
    "shortCode": "1212",
    "message"  : "offer name, short message confirm test working...",
    "offerName": "Gospel Daily"
}
  ];
[  
{
    "network":"VODAFONE",
    "action": "sendContent",
    "address": "233206846412",
    "shortCode": "1212",
    "clientCorrelator":"232kb43jk43j54b5h",
    "message"  : "offer name, short message confirm test working...",
    "offerName": "Gospel Daily"
}
  ];
