[  {
"subscriptionId":"null",
"msisdn":"905007654321",
"state":"ACTIVE",
"offerId":"1",
"offerName":"Test Daily",
"transactionId":"5200460034143900060",
"serviceNotificationType":"SUB",
"isRenewal":"false",
"serviceId":"1",
"serviceName":"TestService",
"failureReason":"null",
"subscriptionStartDate":"null",
"subscriptionEndDate":"2021-12-08T12:19:32",
"nextChargingDate":"null",
"lastRenewalDate":"null",
"channelType":"WEB",
"chargingPeriod":"P000Y000M001DT00H00M00S",
"subscriptionCounter":"2",
"requestDate":"null",
"chargedAmount":null
"inTry":"false"
} ];
[  {
"subscriptionId":"null",
"msisdn":"905007654321",
"state":"ACTIVE",
"offerId":"1",
"offerName":"Test Daily",
"transactionId":"5200460034143900060",
"serviceNotificationType":"SUB",
"isRenewal":"false",
"serviceId":"1",
"serviceName":"TestService",
"failureReason":"null",
"subscriptionStartDate":"null",
"subscriptionEndDate":"2021-12-08T12:19:32",
"nextChargingDate":"null",
"lastRenewalDate":"null",
"channelType":"WEB",
"chargingPeriod":"P000Y000M001DT00H00M00S",
"subscriptionCounter":"2",
"requestDate":"null",
"chargedAmount":null
"inTry":"false"
} ];
[  {
"subscriptionId":"null",
"msisdn":"905007654321",
"state":"ACTIVE",
"offerId":"1",
"offerName":"Test Daily",
"transactionId":"5200460034143900060",
"serviceNotificationType":"SUB",
"isRenewal":"false",
"serviceId":"1",
"serviceName":"TestService",
"failureReason":"null",
"subscriptionStartDate":"null",
"subscriptionEndDate":"2021-12-08T12:19:32",
"nextChargingDate":"null",
"lastRenewalDate":"null",
"channelType":"WEB",
"chargingPeriod":"P000Y000M001DT00H00M00S",
"subscriptionCounter":"2",
"requestDate":"null",
"chargedAmount":null
"inTry":"false"
} ];
[  {
"subscriptionId":"null",
"msisdn":"905007654321",
"state":"ACTIVE",
"offerId":"1",
"offerName":"Test Daily",
"transactionId":"5200460034143900060",
"serviceNotificationType":"SUB",
"isRenewal":"false",
"serviceId":"1",
"serviceName":"TestService",
"failureReason":"null",
"subscriptionStartDate":"null",
"subscriptionEndDate":"2021-12-08T12:19:32",
"nextChargingDate":"null",
"lastRenewalDate":"null",
"channelType":"WEB",
"chargingPeriod":"P000Y000M001DT00H00M00S",
"subscriptionCounter":"2",
"requestDate":"null",
"chargedAmount":null,
"inTry":"false"
} ];
[  {
"subscriptionId":"null",
"msisdn":"905007654321",
"state":"ACTIVE",
"offerId":"1",
"offerName":"Test Daily",
"transactionId":"5200460034143900060",
"serviceNotificationType":"SUB",
"isRenewal":"false",
"serviceId":"1",
"serviceName":"TestService",
"failureReason":"null",
"subscriptionStartDate":"null",
"subscriptionEndDate":"2021-12-08T12:19:32",
"nextChargingDate":"null",
"lastRenewalDate":"null",
"channelType":"WEB",
"chargingPeriod":"P000Y000M001DT00H00M00S",
"subscriptionCounter":"2",
"requestDate":"null",
"chargedAmount":null,
"inTry":"false"
} ];
[  {
"subscriptionId":"null",
"msisdn":"905007654321",
"state":"ACTIVE",
"offerId":"1",
"offerName":"Test Daily",
"transactionId":"5200460034143900060",
"serviceNotificationType":"SUB",
"isRenewal":"false",
"serviceId":"1",
"serviceName":"TestService",
"failureReason":"null",
"subscriptionStartDate":"null",
"subscriptionEndDate":"2021-12-08T12:19:32",
"nextChargingDate":"null",
"lastRenewalDate":"null",
"channelType":"WEB",
"chargingPeriod":"P000Y000M001DT00H00M00S",
"subscriptionCounter":"2",
"requestDate":"null",
"chargedAmount":null,
"inTry":"false"
} ];
[  {
"subscriptionId":"null",
"msisdn":"905007654321",
"state":"ACTIVE",
"offerId":"1",
"offerName":"Test Daily",
"transactionId":"5200460034143900060",
"serviceNotificationType":"SUB",
"isRenewal":"false",
"serviceId":"1",
"serviceName":"TestService",
"failureReason":"null",
"subscriptionStartDate":"null",
"subscriptionEndDate":"2021-12-08T12:19:32",
"nextChargingDate":"null",
"lastRenewalDate":"null",
"channelType":"WEB",
"chargingPeriod":"P000Y000M001DT00H00M00S",
"subscriptionCounter":"2",
"requestDate":"null",
"chargedAmount":null,
"inTry":"false"
} ];
[  {
"subscriptionId":"null",
"msisdn":"905007654321",
"state":"ACTIVE",
"offerId":"1",
"offerName":"Test Daily",
"transactionId":"5200460034143900060",
"serviceNotificationType":"SUB",
"isRenewal":"false",
"serviceId":"1",
"serviceName":"TestService",
"failureReason":"null",
"subscriptionStartDate":"null",
"subscriptionEndDate":"2021-12-08T12:19:32",
"nextChargingDate":"null",
"lastRenewalDate":"null",
"channelType":"WEB",
"chargingPeriod":"P000Y000M001DT00H00M00S",
"subscriptionCounter":"2",
"requestDate":"null",
"chargedAmount":null,
"inTry":"false"
} ];
[  {
"subscriptionId":"null",
"msisdn":"905007654321",
"state":"ACTIVE",
"offerId":"1",
"offerName":"Test Daily",
"transactionId":"5200460034143900060",
"serviceNotificationType":"SUB",
"isRenewal":"false",
"serviceId":"1",
"serviceName":"TestService",
"failureReason":"null",
"subscriptionStartDate":"null",
"subscriptionEndDate":"2021-12-08T12:19:32",
"nextChargingDate":"null",
"lastRenewalDate":"null",
"channelType":"WEB",
"chargingPeriod":"P000Y000M001DT00H00M00S",
"subscriptionCounter":"2",
"requestDate":"null",
"chargedAmount":null,
"inTry":"false"
} ];
[  {
"subscriptionId":"null",
"msisdn":"905007654321",
"state":"ACTIVE",
"offerId":"1",
"offerName":"Test Daily",
"transactionId":"5200460034143900060",
"serviceNotificationType":"SUB",
"isRenewal":"false",
"serviceId":"1",
"serviceName":"TestService",
"failureReason":"null",
"subscriptionStartDate":"null",
"subscriptionEndDate":"2021-12-08T12:19:32",
"nextChargingDate":"null",
"lastRenewalDate":"null",
"channelType":"WEB",
"chargingPeriod":"P000Y000M001DT00H00M00S",
"subscriptionCounter":"2",
"requestDate":"null",
"chargedAmount":null,
"inTry":"false"
} ];
[  {
"subscriptionId":"null",
"msisdn":"905007654321",
"state":"ACTIVE",
"offerId":"1",
"offerName":"Test Daily",
"transactionId":"5200460034143900060",
"serviceNotificationType":"SUB",
"isRenewal":"false",
"serviceId":"1",
"serviceName":"TestService",
"failureReason":"null",
"subscriptionStartDate":"null",
"subscriptionEndDate":"2021-12-08T12:19:32",
"nextChargingDate":"null",
"lastRenewalDate":"null",
"channelType":"WEB",
"chargingPeriod":"P000Y000M001DT00H00M00S",
"subscriptionCounter":"2",
"requestDate":"null",
"chargedAmount":null,
"inTry":"false"
} ];
[  {
"subscriptionId":"null",
"msisdn":"905007654321",
"state":"ACTIVE",
"offerId":"1",
"offerName":"Test Daily",
"transactionId":"5200460034143900060",
"serviceNotificationType":"SUB",
"isRenewal":"false",
"serviceId":"1",
"serviceName":"TestService",
"failureReason":"null",
"subscriptionStartDate":"null",
"subscriptionEndDate":"2021-12-08T12:19:32",
"nextChargingDate":"null",
"lastRenewalDate":"null",
"channelType":"WEB",
"chargingPeriod":"P000Y000M001DT00H00M00S",
"subscriptionCounter":"2",
"requestDate":"null",
"chargedAmount":null,
"inTry":"false"
} ];
[  {
"subscriptionId":"null",
"msisdn":"905007654321",
"state":"ACTIVE",
"offerId":"1",
"offerName":"Test Daily",
"transactionId":"5200460034143900060",
"serviceNotificationType":"SUB",
"isRenewal":"false",
"serviceId":"1",
"serviceName":"TestService",
"failureReason":"null",
"subscriptionStartDate":"null",
"subscriptionEndDate":"2021-12-08T12:19:32",
"nextChargingDate":"null",
"lastRenewalDate":"null",
"channelType":"WEB",
"chargingPeriod":"P000Y000M001DT00H00M00S",
"subscriptionCounter":"2",
"requestDate":"null",
"chargedAmount":null,
"inTry":"false"
} ];
[  {
"subscriptionId":"null",
"msisdn":"905007654321",
"state":"ACTIVE",
"offerId":"1",
"offerName":"Test Daily",
"transactionId":"5200460034143900060",
"serviceNotificationType":"SUB",
"isRenewal":"false",
"serviceId":"1",
"serviceName":"TestService",
"failureReason":"null",
"subscriptionStartDate":"null",
"subscriptionEndDate":"2021-12-08T12:19:32",
"nextChargingDate":"null",
"lastRenewalDate":"null",
"channelType":"WEB",
"chargingPeriod":"P000Y000M001DT00H00M00S",
"subscriptionCounter":"2",
"requestDate":"null",
"chargedAmount":null,
"inTry":"false"
} ];
[  {
"subscriptionId":"null",
"msisdn":"905007654321",
"state":"ACTIVE",
"offerId":"1",
"offerName":"Test Daily",
"transactionId":"5200460034143900060",
"serviceNotificationType":"SUB",
"isRenewal":"false",
"serviceId":"1",
"serviceName":"TestService",
"failureReason":"null",
"subscriptionStartDate":"null",
"subscriptionEndDate":"2021-12-08T12:19:32",
"nextChargingDate":"null",
"lastRenewalDate":"null",
"channelType":"WEB",
"chargingPeriod":"P000Y000M001DT00H00M00S",
"subscriptionCounter":"2",
"requestDate":"null",
"chargedAmount":null,
"inTry":"false"
} ];
[  {
"subscriptionId":"null",
"msisdn":"905007654321",
"state":"ACTIVE",
"offerId":"1",
"offerName":"Test Daily",
"transactionId":"5200460034143900060",
"serviceNotificationType":"SUB",
"isRenewal":"false",
"serviceId":"1",
"serviceName":"TestService",
"failureReason":"null",
"subscriptionStartDate":"null",
"subscriptionEndDate":"2021-12-08T12:19:32",
"nextChargingDate":"null",
"lastRenewalDate":"null",
"channelType":"WEB",
"chargingPeriod":"P000Y000M001DT00H00M00S",
"subscriptionCounter":"2",
"requestDate":"null",
"chargedAmount":null,
"inTry":"false"
} ];
[  {
"subscriptionId":"null",
"msisdn":"905007654321",
"state":"ACTIVE",
"offerId":"1",
"offerName":"Test Daily",
"transactionId":"5200460034143900060",
"serviceNotificationType":"SUB",
"isRenewal":"false",
"serviceId":"1",
"serviceName":"TestService",
"failureReason":"null",
"subscriptionStartDate":"null",
"subscriptionEndDate":"2021-12-08T12:19:32",
"nextChargingDate":"null",
"lastRenewalDate":"null",
"channelType":"WEB",
"chargingPeriod":"P000Y000M001DT00H00M00S",
"subscriptionCounter":"2",
"requestDate":"null",
"chargedAmount":null,
"inTry":"false"
} ];
[  {
"subscriptionId":"null",
"msisdn":"905007654321",
"state":"ACTIVE",
"offerId":"1",
"offerName":"Test Daily",
"transactionId":"5200460034143900060",
"serviceNotificationType":"SUB",
"isRenewal":"false",
"serviceId":"1",
"serviceName":"TestService",
"failureReason":"null",
"subscriptionStartDate":"null",
"subscriptionEndDate":"2021-12-08T12:19:32",
"nextChargingDate":"null",
"lastRenewalDate":"null",
"channelType":"WEB",
"chargingPeriod":"P000Y000M001DT00H00M00S",
"subscriptionCounter":"2",
"requestDate":"null",
"chargedAmount":null,
"inTry":"false"
} ];
[  {
"subscriptionId":"null",
"msisdn":"905007654321",
"state":"ACTIVE",
"offerId":"1",
"offerName":"Test Daily",
"transactionId":"5200460034143900060",
"serviceNotificationType":"SUB",
"isRenewal":"false",
"serviceId":"1",
"serviceName":"TestService",
"failureReason":"null",
"subscriptionStartDate":"null",
"subscriptionEndDate":"2021-12-08T12:19:32",
"nextChargingDate":"null",
"lastRenewalDate":"null",
"channelType":"WEB",
"chargingPeriod":"P000Y000M001DT00H00M00S",
"subscriptionCounter":"2",
"requestDate":"null",
"chargedAmount":null,
"inTry":"false"
} ];
[  {
"subscriptionId":"null",
"msisdn":"905007654321",
"state":"ACTIVE",
"offerId":"1",
"offerName":"Test Daily",
"transactionId":"5200460034143900060",
"serviceNotificationType":"SUB",
"isRenewal":"false",
"serviceId":"1",
"serviceName":"TestService",
"failureReason":"null",
"subscriptionStartDate":"null",
"subscriptionEndDate":"2021-12-08T12:19:32",
"nextChargingDate":"null",
"lastRenewalDate":"null",
"channelType":"WEB",
"chargingPeriod":"P000Y000M001DT00H00M00S",
"subscriptionCounter":"2",
"requestDate":"null",
"chargedAmount":null,
"inTry":"false"
} ];
[  {
"subscriptionId":"null",
"msisdn":"905007654321",
"state":"ACTIVE",
"offerId":"1",
"offerName":"Test Daily",
"transactionId":"5200460034143900060",
"serviceNotificationType":"SUB",
"isRenewal":"false",
"serviceId":"1",
"serviceName":"TestService",
"failureReason":"null",
"subscriptionStartDate":"null",
"subscriptionEndDate":"2021-12-08T12:19:32",
"nextChargingDate":"null",
"lastRenewalDate":"null",
"channelType":"WEB",
"chargingPeriod":"P000Y000M001DT00H00M00S",
"subscriptionCounter":"2",
"requestDate":"null",
"chargedAmount":null,
"inTry":"false"
} ];
[  {
"subscriptionId":"null",
"msisdn":"905007654321",
"state":"ACTIVE",
"offerId":"1",
"offerName":"Test Daily",
"transactionId":"5200460034143900060",
"serviceNotificationType":"SUB",
"isRenewal":"false",
"serviceId":"1",
"serviceName":"TestService",
"failureReason":"null",
"subscriptionStartDate":"null",
"subscriptionEndDate":"2021-12-08T12:19:32",
"nextChargingDate":"null",
"lastRenewalDate":"null",
"channelType":"WEB",
"chargingPeriod":"P000Y000M001DT00H00M00S",
"subscriptionCounter":"2",
"requestDate":"null",
"chargedAmount":null,
"inTry":"false"
} ];
[  {
"subscriptionId":"null",
"msisdn":"905007654321",
"state":"ACTIVE",
"offerId":"1",
"offerName":"Test Daily",
"transactionId":"5200460034143900060",
"serviceNotificationType":"SUB",
"isRenewal":"false",
"serviceId":"1",
"serviceName":"TestService",
"failureReason":"null",
"subscriptionStartDate":"null",
"subscriptionEndDate":"2021-12-08T12:19:32",
"nextChargingDate":"null",
"lastRenewalDate":"null",
"channelType":"WEB",
"chargingPeriod":"P000Y000M001DT00H00M00S",
"subscriptionCounter":"2",
"requestDate":"null",
"chargedAmount":null,
"inTry":"false"
} ];
[  {
"subscriptionId":"null",
"msisdn":"905007654321",
"state":"ACTIVE",
"offerId":"1",
"offerName":"Test Daily",
"transactionId":"5200460034143900060",
"serviceNotificationType":"SUB",
"isRenewal":"false",
"serviceId":"1",
"serviceName":"TestService",
"failureReason":"null",
"subscriptionStartDate":"null",
"subscriptionEndDate":"2021-12-08T12:19:32",
"nextChargingDate":"null",
"lastRenewalDate":"null",
"channelType":"WEB",
"chargingPeriod":"P000Y000M001DT00H00M00S",
"subscriptionCounter":"2",
"requestDate":"null",
"chargedAmount":null,
"inTry":"false"
} ];
[  {
"subscriptionId":"null",
"msisdn":"905007654321",
"state":"ACTIVE",
"offerId":"1",
"offerName":"Test Daily",
"transactionId":"5200460034143900060",
"serviceNotificationType":"SUB",
"isRenewal":"false",
"serviceId":"1",
"serviceName":"TestService",
"failureReason":"null",
"subscriptionStartDate":"null",
"subscriptionEndDate":"2021-12-08T12:19:32",
"nextChargingDate":"null",
"lastRenewalDate":"null",
"channelType":"WEB",
"chargingPeriod":"P000Y000M001DT00H00M00S",
"subscriptionCounter":"2",
"requestDate":"null",
"chargedAmount":null,
"inTry":"false"
} ];
[  {
"subscriptionId":"null",
"msisdn":"905007654321",
"state":"ACTIVE",
"offerId":"1",
"offerName":"Test Daily",
"transactionId":"5200460034143900060",
"serviceNotificationType":"SUB",
"isRenewal":"false",
"serviceId":"1",
"serviceName":"TestService",
"failureReason":"null",
"subscriptionStartDate":"null",
"subscriptionEndDate":"2021-12-08T12:19:32",
"nextChargingDate":"null",
"lastRenewalDate":"null",
"channelType":"WEB",
"chargingPeriod":"P000Y000M001DT00H00M00S",
"subscriptionCounter":"2",
"requestDate":"null",
"chargedAmount":null,
"inTry":"false"
} ];
[  {
"subscriptionId":"null",
"msisdn":"905007654321",
"state":"ACTIVE",
"offerId":"1",
"offerName":"Test Daily",
"transactionId":"5200460034143900060",
"serviceNotificationType":"SUB",
"isRenewal":"false",
"serviceId":"1",
"serviceName":"TestService",
"failureReason":"null",
"subscriptionStartDate":"null",
"subscriptionEndDate":"2021-12-08T12:19:32",
"nextChargingDate":"null",
"lastRenewalDate":"null",
"channelType":"WEB",
"chargingPeriod":"P000Y000M001DT00H00M00S",
"subscriptionCounter":"2",
"requestDate":"null",
"chargedAmount":null,
"inTry":"false"
} ];
[  {
"subscriptionId":"null",
"msisdn":"905007654321",
"state":"ACTIVE",
"offerId":"1",
"offerName":"Test Daily",
"transactionId":"5200460034143900060",
"serviceNotificationType":"SUB",
"isRenewal":"false",
"serviceId":"1",
"serviceName":"TestService",
"failureReason":"null",
"subscriptionStartDate":"null",
"subscriptionEndDate":"2021-12-08T12:19:32",
"nextChargingDate":"null",
"lastRenewalDate":"null",
"channelType":"WEB",
"chargingPeriod":"P000Y000M001DT00H00M00S",
"subscriptionCounter":"2",
"requestDate":"null",
"chargedAmount":null,
"inTry":"false"
} ];
[  {
"subscriptionId":"null",
"msisdn":"905007654321",
"state":"ACTIVE",
"offerId":"1",
"offerName":"Test Daily",
"transactionId":"5200460034143900060",
"serviceNotificationType":"SUB",
"isRenewal":"false",
"serviceId":"1",
"serviceName":"TestService",
"failureReason":"null",
"subscriptionStartDate":"null",
"subscriptionEndDate":"2021-12-08T12:19:32",
"nextChargingDate":"null",
"lastRenewalDate":"null",
"channelType":"WEB",
"chargingPeriod":"P000Y000M001DT00H00M00S",
"subscriptionCounter":"2",
"requestDate":"null",
"chargedAmount":null,
"inTry":"false"
} ];
[  {
"subscriptionId":"null",
"msisdn":"905007654321",
"state":"ACTIVE",
"offerId":"1",
"offerName":"Test Daily",
"transactionId":"5200460034143900060",
"serviceNotificationType":"SUB",
"isRenewal":"false",
"serviceId":"1",
"serviceName":"TestService",
"failureReason":"null",
"subscriptionStartDate":"null",
"subscriptionEndDate":"2021-12-08T12:19:32",
"nextChargingDate":"null",
"lastRenewalDate":"null",
"channelType":"WEB",
"chargingPeriod":"P000Y000M001DT00H00M00S",
"subscriptionCounter":"2",
"requestDate":"null",
"chargedAmount":null,
"inTry":"false"
} ];
[  {
"subscriptionId":"null",
"msisdn":"905007654321",
"state":"ACTIVE",
"offerId":"1",
"offerName":"Test Daily",
"transactionId":"5200460034143900060",
"serviceNotificationType":"SUB",
"isRenewal":"false",
"serviceId":"1",
"serviceName":"TestService",
"failureReason":"null",
"subscriptionStartDate":"null",
"subscriptionEndDate":"2021-12-08T12:19:32",
"nextChargingDate":"null",
"lastRenewalDate":"null",
"channelType":"WEB",
"chargingPeriod":"P000Y000M001DT00H00M00S",
"subscriptionCounter":"2",
"requestDate":"null",
"chargedAmount":null,
"inTry":"false"
} ];
[  {
"subscriptionId":"null",
"msisdn":"905007654321",
"state":"ACTIVE",
"offerId":"1",
"offerName":"Test Daily",
"transactionId":"5200460034143900060",
"serviceNotificationType":"SUB",
"isRenewal":"false",
"serviceId":"1",
"serviceName":"TestService",
"failureReason":"null",
"subscriptionStartDate":"null",
"subscriptionEndDate":"2021-12-08T12:19:32",
"nextChargingDate":"null",
"lastRenewalDate":"null",
"channelType":"WEB",
"chargingPeriod":"P000Y000M001DT00H00M00S",
"subscriptionCounter":"2",
"requestDate":"null",
"chargedAmount":null,
"inTry":"false"
} ];
[  {
"subscriptionId":"null",
"msisdn":"905007654321",
"state":"ACTIVE",
"offerId":"1",
"offerName":"Test Daily",
"transactionId":"5200460034143900060",
"serviceNotificationType":"SUB",
"isRenewal":"false",
"serviceId":"1",
"serviceName":"TestService",
"failureReason":"null",
"subscriptionStartDate":"null",
"subscriptionEndDate":"2021-12-08T12:19:32",
"nextChargingDate":"null",
"lastRenewalDate":"null",
"channelType":"WEB",
"chargingPeriod":"P000Y000M001DT00H00M00S",
"subscriptionCounter":"2",
"requestDate":"null",
"chargedAmount":null,
"inTry":"false"
} ];
[  {
"subscriptionId":"null",
"msisdn":"905007654321",
"state":"ACTIVE",
"offerId":"1",
"offerName":"Test Daily",
"transactionId":"5200460034143900060",
"serviceNotificationType":"SUB",
"isRenewal":"false",
"serviceId":"1",
"serviceName":"TestService",
"failureReason":"null",
"subscriptionStartDate":"null",
"subscriptionEndDate":"2021-12-08T12:19:32",
"nextChargingDate":"null",
"lastRenewalDate":"null",
"channelType":"WEB",
"chargingPeriod":"P000Y000M001DT00H00M00S",
"subscriptionCounter":"2",
"requestDate":"null",
"chargedAmount":null,
"inTry":"false"
} ];
[  {
"subscriptionId":"null",
"msisdn":"905007654321",
"state":"ACTIVE",
"offerId":"1",
"offerName":"Test Daily",
"transactionId":"5200460034143900060",
"serviceNotificationType":"SUB",
"isRenewal":"false",
"serviceId":"1",
"serviceName":"TestService",
"failureReason":"null",
"subscriptionStartDate":"null",
"subscriptionEndDate":"2021-12-08T12:19:32",
"nextChargingDate":"null",
"lastRenewalDate":"null",
"channelType":"WEB",
"chargingPeriod":"P000Y000M001DT00H00M00S",
"subscriptionCounter":"2",
"requestDate":"null",
"chargedAmount":null,
"inTry":"false"
} ];
[  {
"subscriptionId":"null",
"msisdn":"905007654321",
"state":"ACTIVE",
"offerId":"1",
"offerName":"Test Daily",
"transactionId":"5200460034143900060",
"serviceNotificationType":"SUB",
"isRenewal":"false",
"serviceId":"1",
"serviceName":"TestService",
"failureReason":"null",
"subscriptionStartDate":"null",
"subscriptionEndDate":"2021-12-08T12:19:32",
"nextChargingDate":"null",
"lastRenewalDate":"null",
"channelType":"WEB",
"chargingPeriod":"P000Y000M001DT00H00M00S",
"subscriptionCounter":"2",
"requestDate":"null",
"chargedAmount":null,
"inTry":"false"
} ];
[  {
"subscriptionId":"null",
"msisdn":"905007654321",
"state":"SUSPENDED",
"offerId":"4",
"offerName":"Test Daily",
"transactionId":"5200460034143900060",
"serviceNotificationType":"SUSPENDED",
"serviceId":"103",
"serviceName":"TestService",
"failureReason":"null",
"subscriptionStartDate":"2021-12-08T12:19:32",
"subscriptionEndDate":"2022-01-18T13:46:04",
"nextChargingDate":"null",
"lastRenewalDate":"null",
"channelType":"WEB",
"inRenewal": false,
"chargingPeriod":"P000Y000M001DT00H00M00S",
"subscriptionCounter":"1",
"requestDate":"null",
"chargedAmount":null,
"inTry":"false"
} ];
[  {
"subscriptionId":"2230",
"msisdn":"905007654321",
"state":"INACTIVE",
"offerId":"1",
"offerName":"Test Daily",
"transactionId":"5200460034143900060",
"serviceNotificationType":"UNSUB",
"serviceId":"1",
"serviceName":"TestService",
"failureReason":"on customer's will",
"subscriptionStartDate":"2021-12-08T12:19:32",
"subscriptionEndDate":"2022-01-18T13:46:04",
"nextChargingDate":"2022-01-18T13:46:04",
"lastRenewalDate":"2022-01-17T13:46:04",
"channelType":"WEB",
"inRenewal": false,
"chargingPeriod":"P000Y000M001DT00H00M00S",
"subscriptionCounter":"16",
"requestDate":"2022-01-17T13:46:04",
"chargedAmount":null,
"inTry":"false"
} ];
