{
     "outboundSMSMessageRequest": {
         "address": [
             "233207743783"
         ],
         "senderAddress": "1212",
         "outboundSMSTextMessage": {
             "message": "Another test triggered by API-M. Sorry for the inconvenience. TEST"
         },
         "receiptRequest": {
             "notifyURL": "http://127.0.0.1:8080/dummy_delivery_notification",
             "callbackData": "some-data-useful-to-the-requester"
         },
         "clientCorrelator": "123456",
         "senderName": "Telenity",
         "deliveryInfoList": {
             "deliveryInfo": [
                 {
                     "address": "233207743783",
                    "deliveryStatus": "DeliveredToNetwork",
                     "requestId": "309515482"
                 }
             ]
         }
     }
 }